<?xml version="1.0" encoding="UTF-8"?>
<!-- Generated by org.testng.reporters.JUnitReportReporter -->
<testsuite hostname="SweetHome" failures="0" tests="1" name="resource.Basicprop" time="4.094" errors="0" timestamp="2022-07-27T21:06:15 IST" skipped="0">
  <testcase classname="resource.Basicprop" name="gotoApp" time="4.094"/>
  <system-out/>
</testsuite> <!-- resource.Basicprop -->
